<?xml version="1.0" encoding="UTF-8"?>
<!-- Generated by org.testng.reporters.JUnitReportReporter -->
<testsuite hostname="DELL-PC" failures="0" tests="1" name="com.ninja.qa.testcases.timestamp" time="0.078" errors="0" timestamp="2024-03-09T18:09:37 IST" skipped="0">
  <testcase classname="com.ninja.qa.testcases.timestamp" name="generateTimeStamp" time="0.078"/>
  <system-out/>
</testsuite> <!-- com.ninja.qa.testcases.timestamp -->
